<?xml version="1.0" encoding="UTF-8"?>
<testng-results ignored="0" total="2" passed="2" failed="0" skipped="0">
  <reporter-output>
  </reporter-output>
  <suite started-at="2026-01-16T16:55:16 IST" name="Default suite" finished-at="2026-01-16T16:55:24 IST" duration-ms="7737">
    <groups>
    </groups>
    <test started-at="2026-01-16T16:55:16 IST" name="Default test" finished-at="2026-01-16T16:55:24 IST" duration-ms="7737">
      <class name="TestingSeleniumMavenProject.TestingSeleniumMavenProject123.Awesomeng">
        <test-method signature="InvokeApp_Awesome()[pri:1, instance:TestingSeleniumMavenProject.TestingSeleniumMavenProject123.Awesomeng@3d20e575]" started-at="2026-01-16T16:55:16 IST" name="InvokeApp_Awesome" finished-at="2026-01-16T16:55:24 IST" duration-ms="7654" status="PASS">
          <reporter-output>
          </reporter-output>
        </test-method> <!-- InvokeApp_Awesome -->
        <test-method signature="Fetch_And_Validate_Title()[pri:2, instance:TestingSeleniumMavenProject.TestingSeleniumMavenProject123.Awesomeng@3d20e575]" started-at="2026-01-16T16:55:24 IST" name="Fetch_And_Validate_Title" finished-at="2026-01-16T16:55:24 IST" duration-ms="12" status="PASS">
          <reporter-output>
          </reporter-output>
        </test-method> <!-- Fetch_And_Validate_Title -->
      </class> <!-- TestingSeleniumMavenProject.TestingSeleniumMavenProject123.Awesomeng -->
    </test> <!-- Default test -->
  </suite> <!-- Default suite -->
</testng-results>
