<?xml version="1.0" encoding="UTF-8"?>
<!-- Generated by org.testng.reporters.JUnitXMLReporter -->
<testsuite ignored="0" hostname="WKSPUN05GTR1616" failures="0" tests="2" name="Default test" time="7.737" errors="0" timestamp="2026-01-16T16:55:24 IST">
  <testcase classname="TestingSeleniumMavenProject.TestingSeleniumMavenProject123.Awesomeng" name="InvokeApp_Awesome" time="7.654"/>
  <testcase classname="TestingSeleniumMavenProject.TestingSeleniumMavenProject123.Awesomeng" name="Fetch_And_Validate_Title" time="0.012"/>
</testsuite> <!-- Default test -->
