<?xml version="1.0" encoding="UTF-8"?>
<!-- Generated by org.testng.reporters.JUnitReportReporter -->
<testsuite hostname="WKSPUN05GTR1616" failures="0" tests="2" name="TestingSeleniumMavenProject.TestingSeleniumMavenProject123.Awesomeng" time="7.666" errors="0" timestamp="2026-01-16T16:55:24 IST" skipped="0">
  <testcase classname="TestingSeleniumMavenProject.TestingSeleniumMavenProject123.Awesomeng" name="InvokeApp_Awesome" time="7.654"/>
  <testcase classname="TestingSeleniumMavenProject.TestingSeleniumMavenProject123.Awesomeng" name="Fetch_And_Validate_Title" time="0.012"/>
</testsuite> <!-- TestingSeleniumMavenProject.TestingSeleniumMavenProject123.Awesomeng -->
